<?xml version="1.0" encoding="UTF-8"?>
<!-- Generated by org.testng.reporters.JUnitReportReporter -->
<testsuite hostname="LTIN514053" failures="0" tests="6" name="Miniproject.Mainclass" time="22.704" errors="0" timestamp="2024-06-13T14:53:44 IST" skipped="0">
  <testcase classname="Miniproject.Mainclass" name="launchingApplication" time="7.808"/>
  <system-out/>
  <testcase classname="Miniproject.Mainclass" name="maximizeApplication" time="2.911"/>
  <system-out/>
  <testcase classname="Miniproject.Mainclass" name="searchItem" time="7.241"/>
  <system-out/>
  <testcase classname="Miniproject.Mainclass" name="validation" time="1.489"/>
  <system-out/>
  <testcase classname="Miniproject.Mainclass" name="selectDropdown" time="2.713"/>
  <system-out/>
  <testcase classname="Miniproject.Mainclass" name="writingExcel" time="0.542"/>
  <system-out/>
</testsuite> <!-- Miniproject.Mainclass -->
